Android/socketDemoApp/build/outputs/apk/manifest-merger-debug-report.txt
-- Merging decision tree log ---
manifest
ADDED from AndroidManifest.xml:2:1
	android:windowSoftInputMode
		ADDED from AndroidManifest.xml:2:98
	android:hardwareAccelerated
		ADDED from AndroidManifest.xml:2:11
	xmlns:android
		ADDED from AndroidManifest.xml:2:171
	package
		ADDED from AndroidManifest.xml:2:138
		INJECTED from AndroidManifest.xml:0:0
		INJECTED from AndroidManifest.xml:0:0
	android:versionName
		ADDED from AndroidManifest.xml:2:70
	android:versionCode
		ADDED from AndroidManifest.xml:2:46
		INJECTED from AndroidManifest.xml:0:0
		INJECTED from AndroidManifest.xml:0:0
supports-screens
ADDED from AndroidManifest.xml:3:5
	android:resizeable
		ADDED from AndroidManifest.xml:3:106
	android:largeScreens
		ADDED from AndroidManifest.xml:3:49
	android:anyDensity
		ADDED from AndroidManifest.xml:3:23
	android:normalScreens
		ADDED from AndroidManifest.xml:3:77
	android:xlargeScreens
		ADDED from AndroidManifest.xml:3:160
	android:smallScreens
		ADDED from AndroidManifest.xml:3:132
application
ADDED from AndroidManifest.xml:4:5
	android:label
		ADDED from AndroidManifest.xml:4:83
	android:icon
		ADDED from AndroidManifest.xml:4:53
	android:hardwareAccelerated
		ADDED from AndroidManifest.xml:4:18
activity#com.tlantic.socketdemo.SocketDemoApp
ADDED from AndroidManifest.xml:5:9
	android:label
		ADDED from AndroidManifest.xml:5:97
	android:configChanges
		ADDED from AndroidManifest.xml:5:19
	android:theme
		ADDED from AndroidManifest.xml:5:159
	android:name
		ADDED from AndroidManifest.xml:5:130
intent-filter#android.intent.action.MAIN+android.intent.category.LAUNCHER
ADDED from AndroidManifest.xml:6:13
action#android.intent.action.MAIN
ADDED from AndroidManifest.xml:7:17
	android:name
		ADDED from AndroidManifest.xml:7:25
category#android.intent.category.LAUNCHER
ADDED from AndroidManifest.xml:8:17
	android:name
		ADDED from AndroidManifest.xml:8:27
uses-sdk
ADDED from AndroidManifest.xml:12:5
MERGED from Android:socketDemoAppCordovaLib:unspecified:25:5
	android:targetSdkVersion
		ADDED from AndroidManifest.xml:12:42
		INJECTED from AndroidManifest.xml:0:0
		INJECTED from AndroidManifest.xml:0:0
	android:minSdkVersion
		ADDED from AndroidManifest.xml:12:15
		INJECTED from AndroidManifest.xml:0:0
		INJECTED from AndroidManifest.xml:0:0
uses-permission#android.permission.INTERNET
ADDED from AndroidManifest.xml:13:5
	android:name
		ADDED from AndroidManifest.xml:13:22